[      53ms] [INFO] %cDownload the React DevTools for a better development experience: https://react.dev/link/react-devtools font-weight:bold @ http://localhost:5173/node_modules/.vite/deps/react-dom_client.js?v=1be22b59:14337
[   29530ms] [LOG] [vite] server connection lost. Polling for restart... @ http://localhost:5173/@vite/client:992
[   29657ms] [INFO] %cDownload the React DevTools for a better development experience: https://react.dev/link/react-devtools font-weight:bold @ http://localhost:5173/node_modules/.vite/deps/react-dom_client.js?v=1be22b59:14337
[ 9314339ms] [ERROR] Failed to load resource: net::ERR_NETWORK_CHANGED @ https://vhjzedsbdkthyojwckft.supabase.co/auth/v1/token?grant_type=refresh_token:0
[ 9314339ms] [ERROR] TypeError: Failed to fetch
    at http://localhost:5173/node_modules/.vite/deps/@supabase_supabase-js.js?v=65cc9110:13207:22
    at _handleRequest (http://localhost:5173/node_modules/.vite/deps/@supabase_supabase-js.js?v=65cc9110:13488:18)
    at _request (http://localhost:5173/node_modules/.vite/deps/@supabase_supabase-js.js?v=65cc9110:13475:21)
    at http://localhost:5173/node_modules/.vite/deps/@supabase_supabase-js.js?v=65cc9110:19569:18
    at http://localhost:5173/node_modules/.vite/deps/@supabase_supabase-js.js?v=65cc9110:13272:26
    at http://localhost:5173/node_modules/.vite/deps/@supabase_supabase-js.js?v=65cc9110:13283:5
    at new Promise (<anonymous>)
    at retryable (http://localhost:5173/node_modules/.vite/deps/@supabase_supabase-js.js?v=65cc9110:13269:9)
    at SupabaseAuthClient._refreshAccessToken (http://localhost:5173/node_modules/.vite/deps/@supabase_supabase-js.js?v=65cc9110:19566:17)
    at SupabaseAuthClient._callRefreshToken (http://localhost:5173/node_modules/.vite/deps/@supabase_supabase-js.js?v=65cc9110:19685:39) @ http://localhost:5173/@vite/client:524
[17757081ms] [LOG] [mic] requesting getUserMedia... @ http://localhost:5173/src/pages/InterviewSession.tsx:198
[17765961ms] [LOG] [mic] requesting getUserMedia... @ http://localhost:5173/src/pages/InterviewSession.tsx:198
[17768177ms] [LOG] [mic] granted, tracks: [audio enabled=true muted=false] @ http://localhost:5173/src/pages/InterviewSession.tsx:200
[17768179ms] [LOG] [interview] mic acquired, starting TTS @ http://localhost:5173/src/pages/InterviewSession.tsx:1179
[17768447ms] [LOG] [mic] granted, tracks: [audio enabled=true muted=false] @ http://localhost:5173/src/pages/InterviewSession.tsx:200
[17768447ms] [LOG] [interview] mic acquired, starting TTS @ http://localhost:5173/src/pages/InterviewSession.tsx:1179
